<?xml version="1.0" encoding="UTF-8"?>
<testsuite name="is.ru.tictactoe.TicTacToeTest" tests="1" skipped="0" failures="0" errors="0" timestamp="2017-10-22T17:11:13" hostname="Evas-MacBook-Pro.local" time="0.001">
  <properties/>
  <testcase name="testChangePlayer" classname="is.ru.tictactoe.TicTacToeTest" time="0.001"/>
  <system-out><![CDATA[]]></system-out>
  <system-err><![CDATA[]]></system-err>
</testsuite>
