<?xml version="1.0" encoding="UTF-8"?>
<testsuite name="is.ru.tictactoe.TicTacToeTest" tests="2" skipped="0" failures="0" errors="0" timestamp="2017-10-26T15:08:40" hostname="Evas-MacBook-Pro.local" time="0.001">
  <properties/>
  <testcase name="testInitializeBoard" classname="is.ru.tictactoe.TicTacToeTest" time="0.001"/>
  <testcase name="testChangePlayer" classname="is.ru.tictactoe.TicTacToeTest" time="0.0"/>
  <system-out><![CDATA[]]></system-out>
  <system-err><![CDATA[]]></system-err>
</testsuite>
