<?xml version="1.0" encoding="UTF-8"?>
<testsuite name="is.ru.tictactoe.TicTacToeTest" tests="1" skipped="0" failures="0" errors="0" timestamp="2017-10-22T14:57:40" hostname="clients-pool-1.nat.ru.is" time="0.002">
  <properties/>
  <testcase name="testHello" classname="is.ru.tictactoe.TicTacToeTest" time="0.002"/>
  <system-out><![CDATA[]]></system-out>
  <system-err><![CDATA[]]></system-err>
</testsuite>
